TN:tests
SF:/Users/sviatoslavzz/dev_s21/github_repos/BrickGame_v1.0/src/brick_game/tetris/backend.c
FN:138,186,fill_i_block
FN:198,246,fill_j_block
FN:21,43,field_memory_allocation
FN:258,306,fill_l_block
FN:318,330,fill_o_block
FN:342,390,fill_s_block
FN:402,450,fill_t_block
FN:462,510,fill_z_block
FN:50,63,mem_free
FN:523,539,check_figure
FN:552,576,check_figures_overlay
FN:584,589,temporary_fill_block
FN:596,609,fill_coordinates
FN:616,637,check_win_line
FN:645,651,move_field_down
FN:657,664,copy_field
FN:670,676,clear_field
FN:682,697,read_max_score
FN:69,73,current_timestamp
FN:7,14,game_info_init
FN:704,715,write_max_score
FN:81,87,select_figure
FN:99,126,fill_figure
FNDA:54,fill_i_block
FNDA:40,fill_j_block
FNDA:306,field_memory_allocation
FNDA:40,fill_l_block
FNDA:40,fill_o_block
FNDA:40,fill_s_block
FNDA:40,fill_t_block
FNDA:40,fill_z_block
FNDA:306,mem_free
FNDA:294,check_figure
FNDA:207,check_figures_overlay
FNDA:376,temporary_fill_block
FNDA:118,fill_coordinates
FNDA:61,check_win_line
FNDA:11,move_field_down
FNDA:294,copy_field
FNDA:295,clear_field
FNDA:311,read_max_score
FNDA:0,current_timestamp
FNDA:305,game_info_init
FNDA:0,write_max_score
FNDA:9,select_figure
FNDA:294,fill_figure
FNF:23
FNH:21
BRDA:24,0,0,1
BRDA:24,0,1,0
BRDA:25,0,0,1
BRDA:25,0,1,1
BRDA:25,0,2,1
BRDA:25,0,3,1
BRDA:27,0,0,1
BRDA:27,0,1,0
BRDA:32,0,0,0
BRDA:32,0,1,1
BRDA:34,0,0,0
BRDA:34,0,1,1
BRDA:35,0,0,1
BRDA:35,0,1,1
BRDA:35,0,2,1
BRDA:35,0,3,1
BRDA:37,0,0,0
BRDA:37,0,1,1
BRDA:51,0,0,1
BRDA:51,0,1,0
BRDA:52,0,0,1
BRDA:52,0,1,1
BRDA:57,0,0,1
BRDA:57,0,1,0
BRDA:58,0,0,1
BRDA:58,0,1,1
BRDA:85,0,0,1
BRDA:85,0,1,0
BRDA:85,0,2,0
BRDA:85,0,3,1
BRDA:86,0,0,1
BRDA:86,0,1,0
BRDA:101,0,0,1
BRDA:101,0,1,0
BRDA:101,0,2,1
BRDA:101,0,3,1
BRDA:101,0,4,1
BRDA:101,0,5,1
BRDA:101,0,6,1
BRDA:101,0,7,1
BRDA:141,0,0,0
BRDA:141,0,1,1
BRDA:141,0,2,1
BRDA:141,0,3,1
BRDA:141,0,4,1
BRDA:185,0,0,1
BRDA:185,0,1,1
BRDA:201,0,0,0
BRDA:201,0,1,1
BRDA:201,0,2,1
BRDA:201,0,3,1
BRDA:201,0,4,1
BRDA:245,0,0,1
BRDA:245,0,1,1
BRDA:261,0,0,0
BRDA:261,0,1,1
BRDA:261,0,2,1
BRDA:261,0,3,1
BRDA:261,0,4,1
BRDA:305,0,0,1
BRDA:305,0,1,1
BRDA:329,0,0,1
BRDA:329,0,1,1
BRDA:345,0,0,0
BRDA:345,0,1,1
BRDA:345,0,2,1
BRDA:345,0,3,1
BRDA:345,0,4,1
BRDA:389,0,0,1
BRDA:389,0,1,1
BRDA:405,0,0,0
BRDA:405,0,1,1
BRDA:405,0,2,1
BRDA:405,0,3,1
BRDA:405,0,4,1
BRDA:449,0,0,1
BRDA:449,0,1,1
BRDA:465,0,0,0
BRDA:465,0,1,1
BRDA:465,0,2,1
BRDA:465,0,3,1
BRDA:465,0,4,1
BRDA:509,0,0,1
BRDA:509,0,1,1
BRDA:525,0,0,1
BRDA:525,0,1,1
BRDA:525,0,2,1
BRDA:525,0,3,1
BRDA:525,0,4,1
BRDA:525,0,5,1
BRDA:525,0,6,1
BRDA:525,0,7,1
BRDA:525,0,8,1
BRDA:525,0,9,1
BRDA:526,0,0,1
BRDA:526,0,1,1
BRDA:526,0,2,1
BRDA:526,0,3,1
BRDA:526,0,4,1
BRDA:526,0,5,1
BRDA:528,0,0,1
BRDA:528,0,1,1
BRDA:528,0,2,1
BRDA:528,0,3,1
BRDA:528,0,4,1
BRDA:528,0,5,1
BRDA:528,0,6,1
BRDA:528,0,7,1
BRDA:531,0,0,1
BRDA:531,0,1,1
BRDA:531,0,2,1
BRDA:531,0,3,0
BRDA:531,0,4,0
BRDA:531,0,5,1
BRDA:532,0,0,1
BRDA:532,0,1,0
BRDA:535,0,0,1
BRDA:535,0,1,1
BRDA:535,0,2,1
BRDA:535,0,3,1
BRDA:536,0,0,1
BRDA:536,0,1,1
BRDA:537,0,0,1
BRDA:537,0,1,1
BRDA:559,0,0,1
BRDA:559,0,1,1
BRDA:560,0,0,1
BRDA:560,0,1,1
BRDA:561,0,0,1
BRDA:561,0,1,1
BRDA:561,0,2,1
BRDA:561,0,3,1
BRDA:562,0,0,1
BRDA:562,0,1,1
BRDA:562,0,2,1
BRDA:562,0,3,1
BRDA:564,0,0,1
BRDA:564,0,1,1
BRDA:564,0,2,1
BRDA:564,0,3,1
BRDA:564,0,4,1
BRDA:564,0,5,1
BRDA:618,0,0,1
BRDA:618,0,1,1
BRDA:620,0,0,1
BRDA:620,0,1,1
BRDA:621,0,0,1
BRDA:621,0,1,1
BRDA:623,0,0,1
BRDA:623,0,1,1
BRDA:628,0,0,1
BRDA:628,0,1,1
BRDA:630,0,0,1
BRDA:630,0,1,1
BRDA:632,0,0,1
BRDA:632,0,1,1
BRDA:634,0,0,1
BRDA:634,0,1,1
BRDA:646,0,0,1
BRDA:646,0,1,1
BRDA:647,0,0,1
BRDA:647,0,1,1
BRDA:658,0,0,1
BRDA:658,0,1,1
BRDA:659,0,0,1
BRDA:659,0,1,1
BRDA:660,0,0,1
BRDA:660,0,1,1
BRDA:671,0,0,1
BRDA:671,0,1,1
BRDA:672,0,0,1
BRDA:672,0,1,1
BRDA:685,0,0,0
BRDA:685,0,1,1
BRDA:690,0,0,0
BRDA:690,0,1,1
BRDA:708,0,0,-
BRDA:708,0,1,-
BRF:178
BRH:154
DA:7,305
DA:8,305
DA:9,305
DA:10,305
DA:11,305
DA:12,305
DA:13,305
DA:14,305
DA:21,306
DA:22,306
DA:23,306
DA:24,306
DA:25,6426
DA:26,6120
DA:27,6120
DA:28,6120
DA:29,306
DA:30,0
DA:32,306
DA:33,306
DA:34,306
DA:35,6426
DA:36,6120
DA:37,6120
DA:38,6120
DA:39,306
DA:40,0
DA:42,306
DA:43,306
DA:50,306
DA:51,306
DA:52,6426
DA:53,6120
DA:54,6120
DA:55,306
DA:56,306
DA:57,306
DA:58,6426
DA:59,6120
DA:60,6120
DA:61,306
DA:62,306
DA:63,306
DA:69,0
DA:71,0
DA:72,0
DA:73,0
DA:81,9
DA:82,9
DA:83,9
DA:84,9
DA:85,9
DA:86,9
DA:87,9
DA:99,294
DA:100,294
DA:101,294
DA:103,54
DA:104,54
DA:106,40
DA:107,40
DA:109,40
DA:110,40
DA:112,40
DA:113,40
DA:115,40
DA:116,40
DA:118,40
DA:119,40
DA:121,40
DA:122,40
DA:124,0
DA:126,294
DA:138,54
DA:140,54
DA:141,54
DA:143,22
DA:144,22
DA:145,22
DA:146,22
DA:147,22
DA:148,22
DA:149,22
DA:150,22
DA:151,22
DA:153,12
DA:154,12
DA:155,12
DA:156,12
DA:157,12
DA:158,12
DA:159,12
DA:160,12
DA:161,12
DA:163,10
DA:164,10
DA:165,10
DA:166,10
DA:167,10
DA:168,10
DA:169,10
DA:170,10
DA:171,10
DA:173,10
DA:174,10
DA:175,10
DA:176,10
DA:177,10
DA:178,10
DA:179,10
DA:180,10
DA:181,10
DA:183,0
DA:185,54
DA:186,54
DA:198,40
DA:200,40
DA:201,40
DA:203,10
DA:204,10
DA:205,10
DA:206,10
DA:207,10
DA:208,10
DA:209,10
DA:210,10
DA:211,10
DA:213,10
DA:214,10
DA:215,10
DA:216,10
DA:217,10
DA:218,10
DA:219,10
DA:220,10
DA:221,10
DA:223,10
DA:224,10
DA:225,10
DA:226,10
DA:227,10
DA:228,10
DA:229,10
DA:230,10
DA:231,10
DA:233,10
DA:234,10
DA:235,10
DA:236,10
DA:237,10
DA:238,10
DA:239,10
DA:240,10
DA:241,10
DA:243,0
DA:245,40
DA:246,40
DA:258,40
DA:260,40
DA:261,40
DA:263,10
DA:264,10
DA:265,10
DA:266,10
DA:267,10
DA:268,10
DA:269,10
DA:270,10
DA:271,10
DA:273,10
DA:274,10
DA:275,10
DA:276,10
DA:277,10
DA:278,10
DA:279,10
DA:280,10
DA:281,10
DA:283,10
DA:284,10
DA:285,10
DA:286,10
DA:287,10
DA:288,10
DA:289,10
DA:290,10
DA:291,10
DA:293,10
DA:294,10
DA:295,10
DA:296,10
DA:297,10
DA:298,10
DA:299,10
DA:300,10
DA:301,10
DA:303,0
DA:305,40
DA:306,40
DA:318,40
DA:320,40
DA:321,40
DA:322,40
DA:323,40
DA:324,40
DA:325,40
DA:326,40
DA:327,40
DA:328,40
DA:329,40
DA:330,40
DA:342,40
DA:344,40
DA:345,40
DA:347,10
DA:348,10
DA:349,10
DA:350,10
DA:351,10
DA:352,10
DA:353,10
DA:354,10
DA:355,10
DA:357,10
DA:358,10
DA:359,10
DA:360,10
DA:361,10
DA:362,10
DA:363,10
DA:364,10
DA:365,10
DA:367,10
DA:368,10
DA:369,10
DA:370,10
DA:371,10
DA:372,10
DA:373,10
DA:374,10
DA:375,10
DA:377,10
DA:378,10
DA:379,10
DA:380,10
DA:381,10
DA:382,10
DA:383,10
DA:384,10
DA:385,10
DA:387,0
DA:389,40
DA:390,40
DA:402,40
DA:404,40
DA:405,40
DA:407,10
DA:408,10
DA:409,10
DA:410,10
DA:411,10
DA:412,10
DA:413,10
DA:414,10
DA:415,10
DA:417,10
DA:418,10
DA:419,10
DA:420,10
DA:421,10
DA:422,10
DA:423,10
DA:424,10
DA:425,10
DA:427,10
DA:428,10
DA:429,10
DA:430,10
DA:431,10
DA:432,10
DA:433,10
DA:434,10
DA:435,10
DA:437,10
DA:438,10
DA:439,10
DA:440,10
DA:441,10
DA:442,10
DA:443,10
DA:444,10
DA:445,10
DA:447,0
DA:449,40
DA:450,40
DA:462,40
DA:464,40
DA:465,40
DA:467,10
DA:468,10
DA:469,10
DA:470,10
DA:471,10
DA:472,10
DA:473,10
DA:474,10
DA:475,10
DA:477,10
DA:478,10
DA:479,10
DA:480,10
DA:481,10
DA:482,10
DA:483,10
DA:484,10
DA:485,10
DA:487,10
DA:488,10
DA:489,10
DA:490,10
DA:491,10
DA:492,10
DA:493,10
DA:494,10
DA:495,10
DA:497,10
DA:498,10
DA:499,10
DA:500,10
DA:501,10
DA:502,10
DA:503,10
DA:504,10
DA:505,10
DA:507,0
DA:509,40
DA:510,40
DA:523,294
DA:524,294
DA:525,541
DA:526,256
DA:527,56
DA:528,294
DA:529,275
DA:530,31
DA:531,32
DA:532,1
DA:533,1
DA:534,31
DA:535,294
DA:536,294
DA:537,294
DA:539,294
DA:552,207
DA:553,207
DA:554,207
DA:555,207
DA:556,207
DA:557,207
DA:559,4347
DA:560,45540
DA:561,41400
DA:562,168
DA:563,62
DA:564,168
DA:565,6
DA:566,102
DA:567,102
DA:568,4
DA:569,168
DA:570,41400
DA:571,4140
DA:572,207
DA:573,207
DA:574,207
DA:575,207
DA:576,207
DA:584,376
DA:585,376
DA:586,376
DA:587,376
DA:588,376
DA:589,376
DA:596,118
DA:597,118
DA:598,118
DA:599,118
DA:600,118
DA:601,118
DA:602,118
DA:603,118
DA:604,118
DA:605,118
DA:606,118
DA:607,118
DA:608,118
DA:609,118
DA:616,61
DA:617,61
DA:618,1281
DA:619,1220
DA:620,13420
DA:621,12200
DA:622,12200
DA:623,1220
DA:624,11
DA:625,11
DA:626,11
DA:627,1220
DA:628,61
DA:629,2
DA:630,61
DA:631,1
DA:632,59
DA:633,1
DA:634,58
DA:635,1
DA:636,1
DA:637,61
DA:645,11
DA:646,210
DA:647,2189
DA:648,1990
DA:649,1990
DA:650,199
DA:651,11
DA:657,294
DA:658,6174
DA:659,64680
DA:660,58800
DA:661,472
DA:662,58800
DA:663,5880
DA:664,294
DA:670,295
DA:671,6195
DA:672,64900
DA:673,59000
DA:674,59000
DA:675,5900
DA:676,295
DA:682,311
DA:683,311
DA:684,311
DA:685,311
DA:686,0
DA:687,0
DA:688,0
DA:689,311
DA:690,311
DA:691,311
DA:692,311
DA:693,311
DA:694,0
DA:695,0
DA:697,311
DA:704,0
DA:705,0
DA:706,0
DA:707,0
DA:708,0
DA:709,0
DA:710,0
DA:711,0
DA:712,0
DA:713,0
DA:715,0
LF:467
LH:438
end_of_record
TN:tests
SF:/Users/sviatoslavzz/dev_s21/github_repos/BrickGame_v1.0/src/brick_game/tetris/fsm_logic.c
FN:106,112,moveleft
FN:118,128,rotaite
FN:134,139,gameover
FN:145,145,terminate
FN:151,154,pause_game
FN:161,171,set_state
FN:177,182,up_level
FN:188,198,check_max_score
FN:23,36,updateCurrentState
FN:44,58,get_signal
FN:65,76,spawn
FN:82,88,movedown
FN:94,100,moveright
FNDA:84,moveleft
FNDA:30,rotaite
FNDA:0,gameover
FNDA:3,terminate
FNDA:2,pause_game
FNDA:294,set_state
FNDA:5,up_level
FNDA:5,check_max_score
FNDA:304,updateCurrentState
FNDA:7,get_signal
FNDA:7,spawn
FNDA:89,movedown
FNDA:84,moveright
FNF:13
FNH:12
BRDA:31,0,0,1
BRDA:31,0,1,1
BRDA:32,0,0,1
BRDA:32,0,1,1
BRDA:32,0,2,1
BRDA:32,0,3,1
BRDA:46,0,0,1
BRDA:46,0,1,1
BRDA:48,0,0,1
BRDA:48,0,1,1
BRDA:50,0,0,1
BRDA:50,0,1,1
BRDA:52,0,0,1
BRDA:52,0,1,1
BRDA:54,0,0,1
BRDA:54,0,1,1
BRDA:56,0,0,1
BRDA:56,0,1,1
BRDA:67,0,0,1
BRDA:67,0,1,0
BRDA:85,0,0,1
BRDA:85,0,1,0
BRDA:97,0,0,1
BRDA:97,0,1,1
BRDA:109,0,0,1
BRDA:109,0,1,1
BRDA:120,0,0,1
BRDA:120,0,1,1
BRDA:125,0,0,1
BRDA:125,0,1,1
BRDA:162,0,0,1
BRDA:162,0,1,1
BRDA:164,0,0,1
BRDA:164,0,1,1
BRDA:166,0,0,1
BRDA:166,0,1,1
BRDA:178,0,0,1
BRDA:178,0,1,0
BRDA:178,0,2,1
BRDA:178,0,3,1
BRDA:190,0,0,1
BRDA:190,0,1,0
BRDA:191,0,0,0
BRDA:191,0,1,1
BRF:44
BRH:39
DA:23,304
DA:26,304
DA:27,304
DA:28,304
DA:29,304
DA:30,304
DA:31,304
DA:32,304
DA:33,5
DA:34,5
DA:35,5
DA:36,304
DA:44,7
DA:45,7
DA:46,7
DA:47,1
DA:48,6
DA:49,1
DA:50,5
DA:51,1
DA:52,4
DA:53,1
DA:54,3
DA:55,1
DA:56,2
DA:57,1
DA:58,7
DA:65,7
DA:66,7
DA:67,7
DA:68,7
DA:69,7
DA:70,7
DA:71,7
DA:72,7
DA:73,7
DA:74,7
DA:75,7
DA:76,7
DA:82,89
DA:83,89
DA:84,89
DA:85,89
DA:86,89
DA:87,89
DA:88,89
DA:94,84
DA:95,84
DA:96,84
DA:97,84
DA:98,84
DA:99,84
DA:100,84
DA:106,84
DA:107,84
DA:108,84
DA:109,84
DA:110,84
DA:111,84
DA:112,84
DA:118,30
DA:119,30
DA:120,30
DA:121,7
DA:123,23
DA:124,30
DA:125,30
DA:126,30
DA:127,30
DA:128,30
DA:134,0
DA:135,0
DA:136,0
DA:137,0
DA:138,0
DA:139,0
DA:145,3
DA:151,2
DA:152,2
DA:153,2
DA:154,2
DA:161,294
DA:162,294
DA:163,114
DA:164,180
DA:165,61
DA:166,180
DA:167,1
DA:168,1
DA:169,1
DA:170,118
DA:171,294
DA:177,5
DA:178,5
DA:179,3
DA:180,3
DA:181,3
DA:182,5
DA:188,5
DA:189,5
DA:190,5
DA:191,5
DA:192,0
DA:193,0
DA:194,0
DA:195,5
DA:196,0
DA:198,5
LF:108
LH:98
end_of_record
